#
# There is insufficient memory for the Java Runtime Environment to continue.
# Native memory allocation (malloc) failed to allocate 131088 bytes for Chunk::new
# Possible reasons:
#   The system is out of physical RAM or swap space
#   In 32 bit mode, the process size limit was hit
# Possible solutions:
#   Reduce memory load on the system
#   Increase physical memory or swap space
#   Check if swap backing store is full
#   Use 64 bit Java on a 64 bit OS
#   Decrease Java heap size (-Xmx/-Xms)
#   Decrease number of Java threads
#   Decrease Java thread stack sizes (-Xss)
#   Set larger code cache with -XX:ReservedCodeCacheSize=
# This output file may be truncated or incomplete.
#
#  Out of Memory Error (allocation.cpp:323), pid=7872, tid=2996
#
# JRE version: Java(TM) SE Runtime Environment (7.0_79-b15) (build 1.7.0_79-b15)
# Java VM: Java HotSpot(TM) 64-Bit Server VM (24.79-b02 mixed mode windows-amd64 compressed oops)
# Failed to write core dump. Minidumps are not enabled by default on client versions of Windows
#

---------------  T H R E A D  ---------------

Current thread (0x0000000008070800):  JavaThread "C2 CompilerThread1" daemon [_thread_in_native, id=2996, stack(0x0000000009700000,0x0000000009800000)]

Stack: [0x0000000009700000,0x0000000009800000]

Current CompileTask:
C2:   4346  345             com.android.dx.ssa.DeadCodeRemover::run (194 bytes)


---------------  P R O C E S S  ---------------

Java Threads: ( => current thread )
  0x0000000009cef800 JavaThread "pool-1-thread-4" [_thread_in_Java, id=3060, stack(0x000000000a200000,0x000000000a300000)]
  0x0000000009cee800 JavaThread "pool-1-thread-3" [_thread_in_Java, id=8612, stack(0x000000000a100000,0x000000000a200000)]
  0x0000000009c56000 JavaThread "pool-1-thread-2" [_thread_in_Java, id=7336, stack(0x000000000a000000,0x000000000a100000)]
  0x0000000009c86800 JavaThread "pool-2-thread-1" [_thread_blocked, id=4168, stack(0x0000000009f00000,0x000000000a000000)]
  0x0000000009a90800 JavaThread "pool-1-thread-1" [_thread_blocked, id=6552, stack(0x0000000009e00000,0x0000000009f00000)]
  0x000000000807f000 JavaThread "Service Thread" daemon [_thread_blocked, id=6972, stack(0x0000000009800000,0x0000000009900000)]
=>0x0000000008070800 JavaThread "C2 CompilerThread1" daemon [_thread_in_native, id=2996, stack(0x0000000009700000,0x0000000009800000)]
  0x000000000806e800 JavaThread "C2 CompilerThread0" daemon [_thread_in_native, id=7220, stack(0x0000000009600000,0x0000000009700000)]
  0x000000000806e000 JavaThread "Attach Listener" daemon [_thread_blocked, id=448, stack(0x0000000009500000,0x0000000009600000)]
  0x0000000008067000 JavaThread "Signal Dispatcher" daemon [_thread_blocked, id=8176, stack(0x0000000009400000,0x0000000009500000)]
  0x000000000802a000 JavaThread "Finalizer" daemon [_thread_blocked, id=8560, stack(0x00000000092e0000,0x00000000093e0000)]
  0x0000000008026800 JavaThread "Reference Handler" daemon [_thread_blocked, id=8580, stack(0x00000000091e0000,0x00000000092e0000)]
  0x000000000045e000 JavaThread "main" [_thread_in_Java, id=8508, stack(0x0000000001e70000,0x0000000001f70000)]

Other Threads:
  0x0000000008021800 VMThread [stack: 0x00000000090e0000,0x00000000091e0000] [id=8552]
  0x000000000808b800 WatcherThread [stack: 0x0000000009900000,0x0000000009a00000] [id=6760]

VM state:not at safepoint (normal execution)

VM Mutex/Monitor currently owned by a thread: None

Heap
 PSYoungGen      total 53760K, used 14348K [0x00000000eaa80000, 0x00000000ee280000, 0x0000000100000000)
  eden space 50176K, 21% used [0x00000000eaa80000,0x00000000eb50b028,0x00000000edb80000)
  from space 3584K, 99% used [0x00000000edf00000,0x00000000ee278028,0x00000000ee280000)
  to   space 3584K, 0% used [0x00000000edb80000,0x00000000edb80000,0x00000000edf00000)
 ParOldGen       total 64512K, used 4497K [0x00000000c0000000, 0x00000000c3f00000, 0x00000000eaa80000)
  object space 64512K, 6% used [0x00000000c0000000,0x00000000c0464518,0x00000000c3f00000)
 PSPermGen       total 21504K, used 5938K [0x00000000bae00000, 0x00000000bc300000, 0x00000000c0000000)
  object space 21504K, 27% used [0x00000000bae00000,0x00000000bb3cc870,0x00000000bc300000)

Card table byte_map: [0x0000000005290000,0x00000000054c0000] byte_map_base: 0x0000000004cb9000

Polling page: 0x0000000000440000

Code Cache  [0x00000000021d0000, 0x0000000002440000, 0x00000000051d0000)
 total_blobs=590 nmethods=353 adapters=189 free_code_cache=47786Kb largest_free_block=48878976

Compilation events (10 events):
Event: 4.272 Thread 0x000000000806e800 nmethod 350 0x0000000002312a10 code [0x0000000002312b60, 0x0000000002312c28]
Event: 4.272 Thread 0x000000000806e800  351             com.android.dx.ssa.back.FirstFitLocalCombiningAllocator::handleNormalUnassociated (99 bytes)
Event: 4.329 Thread 0x000000000806e800 nmethod 351 0x000000000232ed90 code [0x000000000232f0a0, 0x0000000002330728]
Event: 4.330 Thread 0x000000000806e800  352             com.android.dx.ssa.SsaRenamer::setNameForSsaReg (54 bytes)
Event: 4.337 Thread 0x000000000806e800 nmethod 352 0x00000000022cd590 code [0x00000000022cd720, 0x00000000022cdb10]
Event: 4.337 Thread 0x000000000806e800  353             com.android.dx.ssa.SsaMethod::getUseListForRegister (18 bytes)
Event: 4.339 Thread 0x000000000806e800 nmethod 353 0x00000000022cd290 code [0x00000000022cd3e0, 0x00000000022cd4a8]
Event: 4.339 Thread 0x000000000806e800  354   !         com.android.dx.cf.code.BaseMachine::arg (36 bytes)
Event: 4.339 Thread 0x000000000806e800 nmethod 354 0x00000000022ccfd0 code [0x00000000022cd100, 0x00000000022cd198]
Event: 4.339 Thread 0x000000000806e800  355             com.android.dx.ssa.back.LivenessAnalyzer::coInterferePhis (128 bytes)

GC Heap History (4 events):
Event: 2.663 GC heap before
{Heap before GC invocations=1 (full 0):
 PSYoungGen      total 28672K, used 25088K [0x00000000eaa80000, 0x00000000eca00000, 0x0000000100000000)
  eden space 25088K, 100% used [0x00000000eaa80000,0x00000000ec300000,0x00000000ec300000)
  from space 3584K, 0% used [0x00000000ec680000,0x00000000ec680000,0x00000000eca00000)
  to   space 3584K, 0% used [0x00000000ec300000,0x00000000ec300000,0x00000000ec680000)
 ParOldGen       total 64512K, used 0K [0x00000000c0000000, 0x00000000c3f00000, 0x00000000eaa80000)
  object space 64512K, 0% used [0x00000000c0000000,0x00000000c0000000,0x00000000c3f00000)
 PSPermGen       total 21504K, used 5731K [0x00000000bae00000, 0x00000000bc300000, 0x00000000c0000000)
  object space 21504K, 26% used [0x00000000bae00000,0x00000000bb398dc8,0x00000000bc300000)
Event: 2.736 GC heap after
Heap after GC invocations=1 (full 0):
 PSYoungGen      total 28672K, used 3575K [0x00000000eaa80000, 0x00000000ee280000, 0x0000000100000000)
  eden space 25088K, 0% used [0x00000000eaa80000,0x00000000eaa80000,0x00000000ec300000)
  from space 3584K, 99% used [0x00000000ec300000,0x00000000ec67dc78,0x00000000ec680000)
  to   space 3584K, 0% used [0x00000000edf00000,0x00000000edf00000,0x00000000ee280000)
 ParOldGen       total 64512K, used 1353K [0x00000000c0000000, 0x00000000c3f00000, 0x00000000eaa80000)
  object space 64512K, 2% used [0x00000000c0000000,0x00000000c01526a0,0x00000000c3f00000)
 PSPermGen       total 21504K, used 5731K [0x00000000bae00000, 0x00000000bc300000, 0x00000000c0000000)
  object space 21504K, 26% used [0x00000000bae00000,0x00000000bb398dc8,0x00000000bc300000)
}
Event: 3.830 GC heap before
{Heap before GC invocations=2 (full 0):
 PSYoungGen      total 28672K, used 28663K [0x00000000eaa80000, 0x00000000ee280000, 0x0000000100000000)
  eden space 25088K, 100% used [0x00000000eaa80000,0x00000000ec300000,0x00000000ec300000)
  from space 3584K, 99% used [0x00000000ec300000,0x00000000ec67dc78,0x00000000ec680000)
  to   space 3584K, 0% used [0x00000000edf00000,0x00000000edf00000,0x00000000ee280000)
 ParOldGen       total 64512K, used 1353K [0x00000000c0000000, 0x00000000c3f00000, 0x00000000eaa80000)
  object space 64512K, 2% used [0x00000000c0000000,0x00000000c01526a0,0x00000000c3f00000)
 PSPermGen       total 21504K, used 5917K [0x00000000bae00000, 0x00000000bc300000, 0x00000000c0000000)
  object space 21504K, 27% used [0x00000000bae00000,0x00000000bb3c77d0,0x00000000bc300000)
Event: 3.959 GC heap after
Heap after GC invocations=2 (full 0):
 PSYoungGen      total 53760K, used 3552K [0x00000000eaa80000, 0x00000000ee280000, 0x0000000100000000)
  eden space 50176K, 0% used [0x00000000eaa80000,0x00000000eaa80000,0x00000000edb80000)
  from space 3584K, 99% used [0x00000000edf00000,0x00000000ee278028,0x00000000ee280000)
  to   space 3584K, 0% used [0x00000000edb80000,0x00000000edb80000,0x00000000edf00000)
 ParOldGen       total 64512K, used 4497K [0x00000000c0000000, 0x00000000c3f00000, 0x00000000eaa80000)
  object space 64512K, 6% used [0x00000000c0000000,0x00000000c0464518,0x00000000c3f00000)
 PSPermGen       total 21504K, used 5917K [0x00000000bae00000, 0x00000000bc300000, 0x00000000c0000000)
  object space 21504K, 27% used [0x00000000bae00000,0x00000000bb3c77d0,0x00000000bc300000)
}

Deoptimization events (6 events):
Event: 2.391 Thread 0x0000000009c56000 Uncommon trap: reason=null_check action=make_not_entrant pc=0x0000000002258580 method=com.android.dx.rop.code.LocalItem.equals(Ljava/lang/Object;)Z @ 1
Event: 2.500 Thread 0x000000000045e000 Uncommon trap: reason=unreached action=reinterpret pc=0x0000000002255884 method=com.android.dx.rop.cst.Constant.compareTo(Lcom/android/dx/rop/cst/Constant;)I @ 12
Event: 3.215 Thread 0x0000000009c56000 Uncommon trap: reason=null_check action=make_not_entrant pc=0x0000000002272510 method=com.android.dx.rop.type.Type.equals(Ljava/lang/Object;)Z @ 8
Event: 3.457 Thread 0x0000000009a90800 Uncommon trap: reason=null_check action=make_not_entrant pc=0x000000000229546c method=com.android.dx.ssa.SsaRenamer.getLocalForNewReg(I)Lcom/android/dx/rop/code/LocalItem; @ 19
Event: 3.465 Thread 0x0000000009a90800 Uncommon trap: reason=unreached action=reinterpret pc=0x00000000022c15b4 method=com.android.dx.util.LabeledList.set(ILcom/android/dx/util/LabeledItem;)V @ 16
Event: 3.650 Thread 0x000000000045e000 Uncommon trap: reason=null_check action=make_not_entrant pc=0x00000000022c7fdc method=com.android.dx.rop.type.Type.putIntern(Lcom/android/dx/rop/type/Type;)Lcom/android/dx/rop/type/Type; @ 18

Internal exceptions (10 events):
Event: 3.662 Thread 0x000000000045e000 Threw 0x00000000eb7d80c0 at C:\re\jdk7u79\2331\hotspot\src\share\vm\prims\jvm.cpp:1304
Event: 3.664 Thread 0x000000000045e000 Threw 0x00000000eb7e1e10 at C:\re\jdk7u79\2331\hotspot\src\share\vm\prims\jvm.cpp:1304
Event: 3.665 Thread 0x000000000045e000 Threw 0x00000000eb7e4260 at C:\re\jdk7u79\2331\hotspot\src\share\vm\prims\jvm.cpp:1304
Event: 3.667 Thread 0x0000000009c56000 Threw 0x00000000ebb5c738 at C:\re\jdk7u79\2331\hotspot\src\share\vm\prims\jvm.cpp:1304
Event: 3.668 Thread 0x0000000009c56000 Threw 0x00000000ebb61d48 at C:\re\jdk7u79\2331\hotspot\src\share\vm\prims\jvm.cpp:1304
Event: 3.669 Thread 0x0000000009c56000 Threw 0x00000000ebb670d8 at C:\re\jdk7u79\2331\hotspot\src\share\vm\prims\jvm.cpp:1304
Event: 3.673 Thread 0x000000000045e000 Threw 0x00000000ebbc80d8 at C:\re\jdk7u79\2331\hotspot\src\share\vm\prims\jvm.cpp:1304
Event: 3.706 Thread 0x000000000045e000 Threw 0x00000000ebdd0bc0 at C:\re\jdk7u79\2331\hotspot\src\share\vm\prims\jvm.cpp:1304
Event: 3.706 Thread 0x000000000045e000 Threw 0x00000000ebdd2de0 at C:\re\jdk7u79\2331\hotspot\src\share\vm\prims\jvm.cpp:1304
Event: 3.960 Thread 0x000000000045e000 Threw 0x00000000eaaf20e0 at C:\re\jdk7u79\2331\hotspot\src\share\vm\prims\jvm.cpp:1304

Events (10 events):
Event: 3.673 loading class 0x00000000080d9c00
Event: 3.673 loading class 0x00000000080d9c00 done
Event: 3.706 loading class 0x00000000080d5080
Event: 3.706 loading class 0x00000000080d5080 done
Event: 3.706 loading class 0x0000000009c9f050
Event: 3.706 loading class 0x0000000009c9f050 done
Event: 3.830 Executing VM operation: ParallelGCFailedAllocation
Event: 3.959 Executing VM operation: ParallelGCFailedAllocation done
Event: 3.960 loading class 0x0000000009ace7b0
Event: 3.960 loading class 0x0000000009ace7b0 done


Dynamic libraries:
0x00007ff73f8c0000 - 0x00007ff73f8f3000 	C:\Program Files\Java\jdk1.7.0_79\bin\java.exe
0x00007ffc0be50000 - 0x00007ffc0c011000 	C:\WINDOWS\SYSTEM32\ntdll.dll
0x00007ffc0a380000 - 0x00007ffc0a42d000 	C:\WINDOWS\system32\KERNEL32.DLL
0x00007ffc09060000 - 0x00007ffc09248000 	C:\WINDOWS\system32\KERNELBASE.dll
0x00007ffc0a110000 - 0x00007ffc0a1b7000 	C:\WINDOWS\system32\ADVAPI32.dll
0x00007ffc09560000 - 0x00007ffc095fd000 	C:\WINDOWS\system32\msvcrt.dll
0x00007ffc0a600000 - 0x00007ffc0a65b000 	C:\WINDOWS\system32\sechost.dll
0x00007ffc0bcc0000 - 0x00007ffc0bddc000 	C:\WINDOWS\system32\RPCRT4.dll
0x00007ffc09400000 - 0x00007ffc09556000 	C:\WINDOWS\system32\USER32.dll
0x00007ffc09880000 - 0x00007ffc09a06000 	C:\WINDOWS\system32\GDI32.dll
0x00007ffbfccd0000 - 0x00007ffbfcf44000 	C:\WINDOWS\WinSxS\amd64_microsoft.windows.common-controls_6595b64144ccf1df_6.0.10586.0_none_8c15ae12515e1c22\COMCTL32.dll
0x00007ffc09600000 - 0x00007ffc0987d000 	C:\WINDOWS\system32\combase.dll
0x00007ffc08f40000 - 0x00007ffc08faa000 	C:\WINDOWS\system32\bcryptPrimitives.dll
0x00007ffc09a80000 - 0x00007ffc09abb000 	C:\WINDOWS\system32\IMM32.DLL
0x0000000067310000 - 0x00000000673e2000 	C:\Program Files\Java\jdk1.7.0_79\jre\bin\msvcr100.dll
0x0000000066b30000 - 0x0000000067305000 	C:\Program Files\Java\jdk1.7.0_79\jre\bin\server\jvm.dll
0x00007ffc0a680000 - 0x00007ffc0a688000 	C:\WINDOWS\system32\PSAPI.DLL
0x00007ffbea760000 - 0x00007ffbea769000 	C:\WINDOWS\SYSTEM32\WSOCK32.dll
0x00007ffc0bde0000 - 0x00007ffc0be4b000 	C:\WINDOWS\system32\WS2_32.dll
0x00007ffc06980000 - 0x00007ffc069a3000 	C:\WINDOWS\SYSTEM32\WINMM.dll
0x00007ffc06950000 - 0x00007ffc0697c000 	C:\WINDOWS\SYSTEM32\WINMMBASE.dll
0x00007ffc08ef0000 - 0x00007ffc08f33000 	C:\WINDOWS\system32\cfgmgr32.dll
0x0000000066b20000 - 0x0000000066b2f000 	C:\Program Files\Java\jdk1.7.0_79\jre\bin\verify.dll
0x0000000066af0000 - 0x0000000066b18000 	C:\Program Files\Java\jdk1.7.0_79\jre\bin\java.dll
0x0000000066ad0000 - 0x0000000066ae5000 	C:\Program Files\Java\jdk1.7.0_79\jre\bin\zip.dll
0x0000000066ab0000 - 0x0000000066aca000 	C:\Program Files\Java\jdk1.7.0_79\jre\bin\net.dll
0x00007ffc07da0000 - 0x00007ffc07dfc000 	C:\WINDOWS\system32\mswsock.dll
0x0000000066a90000 - 0x0000000066aa1000 	C:\Program Files\Java\jdk1.7.0_79\jre\bin\nio.dll

VM Arguments:
jvm_args: -Djava.awt.headless=true -Xmx1024M -Dfile.encoding=windows-1258 -Duser.country=US -Duser.language=en -Duser.variant 
java_command: com.android.dx.command.Main --dex --num-threads=4 --output C:\Users\hientran\Downloads\Compressed\MyApplication\app\build\intermediates\pre-dexed\debug\internal_impl-23.2.1_c14b123407b5c7c557a817f0e12793757c6f469d.jar C:\Users\hientran\Downloads\Compressed\MyApplication\app\build\intermediates\exploded-aar\com.android.support\support-v4\23.2.1\jars\libs\internal_impl-23.2.1.jar
Launcher Type: SUN_STANDARD

Environment Variables:
JAVA_HOME=C:\Program Files\Java\jdk1.8.0_25
PATH=C:\ProgramData\Oracle\Java\javapath;C:\WINDOWS\system32;C:\WINDOWS;C:\WINDOWS\System32\Wbem;C:\WINDOWS\System32\WindowsPowerShell\v1.0\;C:\Program Files (x86)\ATI Technologies\ATI.ACE\Core-Static;C:\Program Files\Java\jdk1.8.0_25\bin;.;C:\Program Files\Microsoft SQL Server\120\DTS\Binn\;C:\Program Files\Microsoft SQL Server\Client SDK\ODBC\110\Tools\Binn\;C:\Program Files (x86)\Microsoft SQL Server\120\Tools\Binn\;C:\Program Files\Microsoft SQL Server\120\Tools\Binn\;C:\Program Files (x86)\Microsoft SQL Server\120\Tools\Binn\ManagementStudio\;C:\Program Files (x86)\Microsoft SQL Server\120\DTS\Binn\;C:\Program Files (x86)\Windows Kits\8.1\Windows Performance Toolkit\;C:\Program Files\Microsoft SQL Server\110\Tools\Binn\
USERNAME=hientran
OS=Windows_NT
PROCESSOR_IDENTIFIER=Intel64 Family 6 Model 42 Stepping 7, GenuineIntel



---------------  S Y S T E M  ---------------

OS: Windows 8.1 , 64 bit Build 9600 

CPU:total 4 (2 cores per cpu, 2 threads per core) family 6 model 42 stepping 7, cmov, cx8, fxsr, mmx, sse, sse2, sse3, ssse3, sse4.1, sse4.2, popcnt, avx, aes, ht, tsc, tscinvbit

Memory: 4k page, physical 6197124k(375976k free), swap 7626628k(5896k free)

vm_info: Java HotSpot(TM) 64-Bit Server VM (24.79-b02) for windows-amd64 JRE (1.7.0_79-b15), built on Apr 10 2015 12:36:16 by "java_re" with unknown MS VC++:1600

time: Fri Apr 01 19:20:43 2016
elapsed time: 4 seconds

