#
# There is insufficient memory for the Java Runtime Environment to continue.
# Native memory allocation (malloc) failed to allocate 65552 bytes for Chunk::new
# Possible reasons:
#   The system is out of physical RAM or swap space
#   In 32 bit mode, the process size limit was hit
# Possible solutions:
#   Reduce memory load on the system
#   Increase physical memory or swap space
#   Check if swap backing store is full
#   Use 64 bit Java on a 64 bit OS
#   Decrease Java heap size (-Xmx/-Xms)
#   Decrease number of Java threads
#   Decrease Java thread stack sizes (-Xss)
#   Set larger code cache with -XX:ReservedCodeCacheSize=
# This output file may be truncated or incomplete.
#
#  Out of Memory Error (allocation.cpp:323), pid=6752, tid=4784
#
# JRE version: Java(TM) SE Runtime Environment (7.0_79-b15) (build 1.7.0_79-b15)
# Java VM: Java HotSpot(TM) 64-Bit Server VM (24.79-b02 mixed mode windows-amd64 compressed oops)
# Failed to write core dump. Minidumps are not enabled by default on client versions of Windows
#

---------------  T H R E A D  ---------------

Current thread (0x00000000080de800):  JavaThread "C2 CompilerThread0" daemon [_thread_in_native, id=4784, stack(0x0000000009650000,0x0000000009750000)]

Stack: [0x0000000009650000,0x0000000009750000]

Current CompileTask:
C2:   4630  158             com.android.dx.ssa.SsaConverter::placePhiFunctions (394 bytes)


---------------  P R O C E S S  ---------------

Java Threads: ( => current thread )
  0x0000000009b76000 JavaThread "pool-1-thread-4" [_thread_in_Java, id=8600, stack(0x000000000a250000,0x000000000a350000)]
  0x0000000009b75800 JavaThread "pool-1-thread-3" [_thread_blocked, id=8136, stack(0x000000000a150000,0x000000000a250000)]
  0x0000000009b74800 JavaThread "pool-1-thread-2" [_thread_in_Java, id=8660, stack(0x000000000a050000,0x000000000a150000)]
  0x0000000009aab800 JavaThread "pool-2-thread-1" [_thread_blocked, id=8604, stack(0x0000000009f50000,0x000000000a050000)]
  0x0000000009c89800 JavaThread "pool-1-thread-1" [_thread_in_Java, id=1684, stack(0x0000000009e50000,0x0000000009f50000)]
  0x00000000080eb000 JavaThread "Service Thread" daemon [_thread_blocked, id=8592, stack(0x0000000009850000,0x0000000009950000)]
  0x00000000080e8800 JavaThread "C2 CompilerThread1" daemon [_thread_in_native, id=5524, stack(0x0000000009750000,0x0000000009850000)]
=>0x00000000080de800 JavaThread "C2 CompilerThread0" daemon [_thread_in_native, id=4784, stack(0x0000000009650000,0x0000000009750000)]
  0x00000000080de000 JavaThread "Attach Listener" daemon [_thread_blocked, id=1916, stack(0x0000000009550000,0x0000000009650000)]
  0x00000000080d7000 JavaThread "Signal Dispatcher" daemon [_thread_blocked, id=1108, stack(0x0000000009450000,0x0000000009550000)]
  0x000000000809a000 JavaThread "Finalizer" daemon [_thread_blocked, id=8576, stack(0x0000000009350000,0x0000000009450000)]
  0x0000000008096800 JavaThread "Reference Handler" daemon [_thread_blocked, id=8532, stack(0x0000000009250000,0x0000000009350000)]
  0x000000000051e000 JavaThread "main" [_thread_blocked, id=3376, stack(0x0000000002040000,0x0000000002140000)]

Other Threads:
  0x0000000008091800 VMThread [stack: 0x0000000009150000,0x0000000009250000] [id=8504]
  0x00000000080f9800 WatcherThread [stack: 0x0000000009950000,0x0000000009a50000] [id=8476]

VM state:not at safepoint (normal execution)

VM Mutex/Monitor currently owned by a thread: None

Heap
 PSYoungGen      total 28672K, used 6410K [0x00000000eaa80000, 0x00000000eca00000, 0x0000000100000000)
  eden space 25088K, 11% used [0x00000000eaa80000,0x00000000ead47780,0x00000000ec300000)
  from space 3584K, 99% used [0x00000000ec300000,0x00000000ec67b128,0x00000000ec680000)
  to   space 3584K, 0% used [0x00000000ec680000,0x00000000ec680000,0x00000000eca00000)
 ParOldGen       total 64512K, used 1351K [0x00000000c0000000, 0x00000000c3f00000, 0x00000000eaa80000)
  object space 64512K, 2% used [0x00000000c0000000,0x00000000c0151f28,0x00000000c3f00000)
 PSPermGen       total 21504K, used 5803K [0x00000000bae00000, 0x00000000bc300000, 0x00000000c0000000)
  object space 21504K, 26% used [0x00000000bae00000,0x00000000bb3aaff0,0x00000000bc300000)

Card table byte_map: [0x0000000005300000,0x0000000005530000] byte_map_base: 0x0000000004d29000

Polling page: 0x00000000001f0000

Code Cache  [0x0000000002240000, 0x00000000024b0000, 0x0000000005240000)
 total_blobs=407 nmethods=170 adapters=189 free_code_cache=48484Kb largest_free_block=49627072

Compilation events (10 events):
Event: 4.555 Thread 0x00000000080e8800 nmethod 167 0x00000000022e4610 code [0x00000000022e4760, 0x00000000022e4ab8]
Event: 4.559 Thread 0x00000000080e8800  168             java.util.Collections$UnmodifiableCollection$1::hasNext (10 bytes)
Event: 4.560 Thread 0x00000000080e8800 nmethod 168 0x00000000022e4310 code [0x00000000022e4460, 0x00000000022e4518]
Event: 4.569 Thread 0x00000000080e8800  169             com.android.dx.rop.code.RegisterSpec::makeLocalOptional (7 bytes)
Event: 4.569 Thread 0x00000000080e8800 nmethod 169 0x00000000022e2490 code [0x00000000022e25e0, 0x00000000022e2648]
Event: 4.574 Thread 0x00000000080e8800  170             com.android.dx.ssa.DeadCodeRemover$NoSideEffectVisitor::visitNonMoveInsn (28 bytes)
Event: 4.581 Thread 0x00000000080e8800 nmethod 170 0x00000000022e9c90 code [0x00000000022e9e00, 0x00000000022ea0e8]
Event: 4.582 Thread 0x00000000080e8800  171             com.android.dx.util.FixedSizeList::getOrNull0 (7 bytes)
Event: 4.583 Thread 0x00000000080e8800 nmethod 171 0x00000000022ea650 code [0x00000000022ea780, 0x00000000022ea818]
Event: 4.589 Thread 0x00000000080e8800  172             com.android.dx.ssa.SsaMethod::forEachBlockDepthFirst (194 bytes)

GC Heap History (2 events):
Event: 4.236 GC heap before
{Heap before GC invocations=1 (full 0):
 PSYoungGen      total 28672K, used 25088K [0x00000000eaa80000, 0x00000000eca00000, 0x0000000100000000)
  eden space 25088K, 100% used [0x00000000eaa80000,0x00000000ec300000,0x00000000ec300000)
  from space 3584K, 0% used [0x00000000ec680000,0x00000000ec680000,0x00000000eca00000)
  to   space 3584K, 0% used [0x00000000ec300000,0x00000000ec300000,0x00000000ec680000)
 ParOldGen       total 64512K, used 0K [0x00000000c0000000, 0x00000000c3f00000, 0x00000000eaa80000)
  object space 64512K, 0% used [0x00000000c0000000,0x00000000c0000000,0x00000000c3f00000)
 PSPermGen       total 21504K, used 5770K [0x00000000bae00000, 0x00000000bc300000, 0x00000000c0000000)
  object space 21504K, 26% used [0x00000000bae00000,0x00000000bb3a2b10,0x00000000bc300000)
Event: 4.494 GC heap after
Heap after GC invocations=1 (full 0):
 PSYoungGen      total 28672K, used 3564K [0x00000000eaa80000, 0x00000000eca00000, 0x0000000100000000)
  eden space 25088K, 0% used [0x00000000eaa80000,0x00000000eaa80000,0x00000000ec300000)
  from space 3584K, 99% used [0x00000000ec300000,0x00000000ec67b128,0x00000000ec680000)
  to   space 3584K, 0% used [0x00000000ec680000,0x00000000ec680000,0x00000000eca00000)
 ParOldGen       total 64512K, used 1351K [0x00000000c0000000, 0x00000000c3f00000, 0x00000000eaa80000)
  object space 64512K, 2% used [0x00000000c0000000,0x00000000c0151f28,0x00000000c3f00000)
 PSPermGen       total 21504K, used 5770K [0x00000000bae00000, 0x00000000bc300000, 0x00000000c0000000)
  object space 21504K, 26% used [0x00000000bae00000,0x00000000bb3a2b10,0x00000000bc300000)
}

Deoptimization events (1 events):
Event: 3.648 Thread 0x0000000009b76000 Uncommon trap: reason=null_check action=make_not_entrant pc=0x00000000022c754c method=com.android.dx.rop.code.LocalItem.equals(Ljava/lang/Object;)Z @ 1

Internal exceptions (10 events):
Event: 2.980 Thread 0x0000000009b75800 Threw 0x00000000eb7f60a0 at C:\re\jdk7u79\2331\hotspot\src\share\vm\prims\jvm.cpp:1304
Event: 2.981 Thread 0x0000000009b75800 Threw 0x00000000eb7fb6b0 at C:\re\jdk7u79\2331\hotspot\src\share\vm\prims\jvm.cpp:1304
Event: 2.982 Thread 0x0000000009b75800 Threw 0x00000000eb800a40 at C:\re\jdk7u79\2331\hotspot\src\share\vm\prims\jvm.cpp:1304
Event: 2.983 Thread 0x000000000051e000 Threw 0x00000000eb91b9f0 at C:\re\jdk7u79\2331\hotspot\src\share\vm\prims\jvm.cpp:1304
Event: 3.389 Thread 0x0000000009b74800 Threw 0x00000000eb748518 at C:\re\jdk7u79\2331\hotspot\src\share\vm\prims\jvm.cpp:1304
Event: 3.408 Thread 0x0000000009b76000 Threw 0x00000000ebace380 at C:\re\jdk7u79\2331\hotspot\src\share\vm\prims\jvm.cpp:1304
Event: 3.622 Thread 0x0000000009b74800 Threw 0x00000000ebb5d2d8 at C:\re\jdk7u79\2331\hotspot\src\share\vm\prims\jvm.cpp:1304
Event: 3.648 Thread 0x0000000009b76000 Implicit null exception at 0x00000000022c71d8 to 0x00000000022c7539
Event: 4.077 Thread 0x0000000009b74800 Threw 0x00000000ec0f2548 at C:\re\jdk7u79\2331\hotspot\src\share\vm\prims\jvm.cpp:1304
Event: 4.191 Thread 0x0000000009b76000 Threw 0x00000000ec21a768 at C:\re\jdk7u79\2331\hotspot\src\share\vm\prims\jvm.cpp:1304

Events (10 events):
Event: 3.648 Thread 0x0000000009b76000 DEOPT PACKING pc=0x00000000022c754c sp=0x000000000a34ec60
Event: 3.648 Thread 0x0000000009b76000 DEOPT UNPACKING pc=0x00000000022775a4 sp=0x000000000a34eba0 mode 2
Event: 4.077 loading class 0x0000000009b3d150
Event: 4.077 loading class 0x0000000009b3d150 done
Event: 4.191 loading class 0x0000000009c44fb0
Event: 4.191 loading class 0x0000000009c44fb0 done
Event: 4.236 Executing VM operation: ParallelGCFailedAllocation
Event: 4.494 Executing VM operation: ParallelGCFailedAllocation done
Event: 4.526 loading class 0x00000000021be2a0
Event: 4.527 loading class 0x00000000021be2a0 done


Dynamic libraries:
0x00007ff73f8c0000 - 0x00007ff73f8f3000 	C:\Program Files\Java\jdk1.7.0_79\bin\java.exe
0x00007ffc0be50000 - 0x00007ffc0c011000 	C:\WINDOWS\SYSTEM32\ntdll.dll
0x00007ffc0a380000 - 0x00007ffc0a42d000 	C:\WINDOWS\system32\KERNEL32.DLL
0x00007ffc09060000 - 0x00007ffc09248000 	C:\WINDOWS\system32\KERNELBASE.dll
0x00007ffc0a110000 - 0x00007ffc0a1b7000 	C:\WINDOWS\system32\ADVAPI32.dll
0x00007ffc09560000 - 0x00007ffc095fd000 	C:\WINDOWS\system32\msvcrt.dll
0x00007ffc0a600000 - 0x00007ffc0a65b000 	C:\WINDOWS\system32\sechost.dll
0x00007ffc0bcc0000 - 0x00007ffc0bddc000 	C:\WINDOWS\system32\RPCRT4.dll
0x00007ffc09400000 - 0x00007ffc09556000 	C:\WINDOWS\system32\USER32.dll
0x00007ffc09880000 - 0x00007ffc09a06000 	C:\WINDOWS\system32\GDI32.dll
0x00007ffbfccd0000 - 0x00007ffbfcf44000 	C:\WINDOWS\WinSxS\amd64_microsoft.windows.common-controls_6595b64144ccf1df_6.0.10586.0_none_8c15ae12515e1c22\COMCTL32.dll
0x00007ffc09600000 - 0x00007ffc0987d000 	C:\WINDOWS\system32\combase.dll
0x00007ffc08f40000 - 0x00007ffc08faa000 	C:\WINDOWS\system32\bcryptPrimitives.dll
0x00007ffc09a80000 - 0x00007ffc09abb000 	C:\WINDOWS\system32\IMM32.DLL
0x0000000067310000 - 0x00000000673e2000 	C:\Program Files\Java\jdk1.7.0_79\jre\bin\msvcr100.dll
0x0000000066b30000 - 0x0000000067305000 	C:\Program Files\Java\jdk1.7.0_79\jre\bin\server\jvm.dll
0x00007ffc0a680000 - 0x00007ffc0a688000 	C:\WINDOWS\system32\PSAPI.DLL
0x00007ffbea760000 - 0x00007ffbea769000 	C:\WINDOWS\SYSTEM32\WSOCK32.dll
0x00007ffc0bde0000 - 0x00007ffc0be4b000 	C:\WINDOWS\system32\WS2_32.dll
0x00007ffc06980000 - 0x00007ffc069a3000 	C:\WINDOWS\SYSTEM32\WINMM.dll
0x00007ffc06950000 - 0x00007ffc0697c000 	C:\WINDOWS\SYSTEM32\WINMMBASE.dll
0x00007ffc08ef0000 - 0x00007ffc08f33000 	C:\WINDOWS\system32\cfgmgr32.dll
0x0000000066b20000 - 0x0000000066b2f000 	C:\Program Files\Java\jdk1.7.0_79\jre\bin\verify.dll
0x0000000066af0000 - 0x0000000066b18000 	C:\Program Files\Java\jdk1.7.0_79\jre\bin\java.dll
0x0000000066ad0000 - 0x0000000066ae5000 	C:\Program Files\Java\jdk1.7.0_79\jre\bin\zip.dll
0x0000000066ab0000 - 0x0000000066aca000 	C:\Program Files\Java\jdk1.7.0_79\jre\bin\net.dll
0x00007ffc07da0000 - 0x00007ffc07dfc000 	C:\WINDOWS\system32\mswsock.dll
0x0000000066a90000 - 0x0000000066aa1000 	C:\Program Files\Java\jdk1.7.0_79\jre\bin\nio.dll

VM Arguments:
jvm_args: -Djava.awt.headless=true -Xmx1024M -Dfile.encoding=windows-1258 -Duser.country=US -Duser.language=en -Duser.variant 
java_command: com.android.dx.command.Main --dex --num-threads=4 --output C:\Users\hientran\Downloads\Compressed\MyApplication\app\build\intermediates\pre-dexed\debug\com.android.support-appcompat-v7-23.2.1_d201c79e397c19196ff511ff36b40a4a9c8f2ac0.jar C:\Users\hientran\Downloads\Compressed\MyApplication\app\build\intermediates\exploded-aar\com.android.support\appcompat-v7\23.2.1\jars\classes.jar
Launcher Type: SUN_STANDARD

Environment Variables:
JAVA_HOME=C:\Program Files\Java\jdk1.8.0_25
PATH=C:\ProgramData\Oracle\Java\javapath;C:\WINDOWS\system32;C:\WINDOWS;C:\WINDOWS\System32\Wbem;C:\WINDOWS\System32\WindowsPowerShell\v1.0\;C:\Program Files (x86)\ATI Technologies\ATI.ACE\Core-Static;C:\Program Files\Java\jdk1.8.0_25\bin;.;C:\Program Files\Microsoft SQL Server\120\DTS\Binn\;C:\Program Files\Microsoft SQL Server\Client SDK\ODBC\110\Tools\Binn\;C:\Program Files (x86)\Microsoft SQL Server\120\Tools\Binn\;C:\Program Files\Microsoft SQL Server\120\Tools\Binn\;C:\Program Files (x86)\Microsoft SQL Server\120\Tools\Binn\ManagementStudio\;C:\Program Files (x86)\Microsoft SQL Server\120\DTS\Binn\;C:\Program Files (x86)\Windows Kits\8.1\Windows Performance Toolkit\;C:\Program Files\Microsoft SQL Server\110\Tools\Binn\
USERNAME=hientran
OS=Windows_NT
PROCESSOR_IDENTIFIER=Intel64 Family 6 Model 42 Stepping 7, GenuineIntel



---------------  S Y S T E M  ---------------

OS: Windows 8.1 , 64 bit Build 9600 

CPU:total 4 (2 cores per cpu, 2 threads per core) family 6 model 42 stepping 7, cmov, cx8, fxsr, mmx, sse, sse2, sse3, ssse3, sse4.1, sse4.2, popcnt, avx, aes, ht, tsc, tscinvbit

Memory: 4k page, physical 6197124k(375976k free), swap 7626628k(5896k free)

vm_info: Java HotSpot(TM) 64-Bit Server VM (24.79-b02) for windows-amd64 JRE (1.7.0_79-b15), built on Apr 10 2015 12:36:16 by "java_re" with unknown MS VC++:1600

time: Fri Apr 01 19:20:43 2016
elapsed time: 4 seconds

